
=== Thu Sep 20 11:35:34 2018

Packages were changed.
Update Mode: updateDependencies

The following packages were added:
  com.unity.collab-proxy@1.2.9
The following packages were updated:
  com.unity.analytics from version 2.0.16 to 3.0.9
  com.unity.package-manager-ui from version 1.9.9 to 2.0.0-preview.7
  com.unity.textmeshpro from version 1.2.1 to 1.3.0

=== Sat Dec  1 13:14:02 2018

Packages were changed.
Update Mode: updateDependencies

The following packages were updated:
  com.unity.analytics from version 3.0.9 to 3.2.2
  com.unity.collab-proxy from version 1.2.9 to 1.2.11
  com.unity.package-manager-ui from version 2.0.0-preview.7 to 2.0.3

=== Tue Sep 10 13:56:29 2019

Packages were changed.
Update Mode: updateDependencies

The following packages were added:
  com.unity.timeline@1.0.0
  com.unity.multiplayer-hlapi@1.0.2
  com.unity.xr.legacyinputhelpers@2.0.2
The following packages were updated:
  com.unity.analytics from version 3.2.2 to 3.3.2
  com.unity.collab-proxy from version 1.2.11 to 1.2.16
  com.unity.package-manager-ui from version 2.0.3 to 2.1.2
  com.unity.purchasing from version 2.0.1 to 2.0.6
  com.unity.textmeshpro from version 1.3.0 to 2.0.1

=== Wed Dec 14 17:00:20 2022

Packages were changed.
Update Mode: updateDependencies

The following packages were added:
  com.unity.2d.sprite@1.0.0
  com.unity.2d.tilemap@1.0.0
  com.unity.ide.rider@3.0.16
  com.unity.ide.visualstudio@2.0.16
  com.unity.ide.vscode@1.2.5
  com.unity.modules.androidjni@1.0.0
  com.unity.test-framework@1.1.31
  com.unity.ugui@1.0.0
The following packages were updated:
  com.unity.ads from version 2.0.8 to 3.7.5
  com.unity.analytics from version 3.3.2 to 3.6.12
  com.unity.collab-proxy from version 1.2.16 to 1.17.7
  com.unity.purchasing from version 2.0.6 to 4.5.1
  com.unity.textmeshpro from version 2.0.1 to 3.0.6
  com.unity.timeline from version 1.0.0 to 1.6.4
  com.unity.xr.legacyinputhelpers from version 2.0.2 to 2.1.10
The following packages were removed:
  com.unity.multiplayer-hlapi@1.0.2
  com.unity.package-manager-ui@2.1.2

=== Sun Aug  4 11:45:54 2024

Packages were changed.
Update Mode: updateDependencies

The following packages were updated:
  com.unity.ads from version 3.7.5 to 4.4.2
  com.unity.collab-proxy from version 1.17.7 to 2.4.3
  com.unity.ide.rider from version 3.0.16 to 3.0.31
  com.unity.ide.visualstudio from version 2.0.16 to 2.0.22
  com.unity.purchasing from version 4.5.1 to 4.9.3
  com.unity.test-framework from version 1.1.31 to 1.1.33
  com.unity.timeline from version 1.6.4 to 1.6.5

=== Sat Aug 10 14:48:19 2024

Packages were changed.
Update Mode: updateDependencies

The following packages were added:
  com.unity.ai.navigation@2.0.3
  com.unity.modules.accessibility@1.0.0
The following packages were updated:
  com.unity.analytics from version 3.6.12 to 3.8.1
  com.unity.collab-proxy from version 2.4.3 to 2.4.4
  com.unity.purchasing from version 4.9.3 to 4.12.2
  com.unity.test-framework from version 1.1.33 to 1.4.5
  com.unity.timeline from version 1.6.5 to 1.8.7
  com.unity.ugui from version 1.0.0 to 2.0.0
The following packages were removed:
  com.unity.textmeshpro@3.0.6
